{
  "stats": {
    "suites": 1,
    "tests": 1,
    "passes": 1,
    "pending": 0,
    "failures": 0,
    "start": "2017-11-21T12:53:13.211Z",
    "end": "2017-11-21T12:53:13.282Z",
    "duration": 71,
    "testsRegistered": 1,
    "passPercent": 100,
    "pendingPercent": 0,
    "other": 0,
    "hasOther": false,
    "skipped": 0,
    "hasSkipped": false,
    "passPercentClass": "success",
    "pendingPercentClass": "danger"
  },
  "suites": {
    "title": "",
    "suites": [
      {
        "title": "GET /user",
        "suites": [],
        "tests": [
          {
            "title": "user接口是否正确",
            "fullTitle": "GET /user user接口是否正确",
            "timedOut": false,
            "duration": 40,
            "state": "passed",
            "speed": "medium",
            "pass": true,
            "fail": false,
            "pending": false,
            "code": "request()\n  .get('/user')\n  .expect(200)\n  .end(function(err, res) {\n    console.log('这是res',res.body);\n    if (err) return done(err);\n    if(res.body ==123){\n        done();\n    }else{\n      done('不是123');\n    }\n  });",
            "err": {},
            "isRoot": false,
            "uuid": "e5ef30c1-a5d1-40ee-9660-5eb2a26a207a",
            "parentUUID": "bcd27857-0a4e-43ba-810c-49a0b396578a",
            "isHook": false,
            "skipped": false
          }
        ],
        "pending": [],
        "root": false,
        "_timeout": 2000,
        "file": "/test/service/index.spec.js",
        "uuid": "bcd27857-0a4e-43ba-810c-49a0b396578a",
        "beforeHooks": [],
        "afterHooks": [],
        "fullFile": "/Users/yhlmmm/myframework/test/service/index.spec.js",
        "passes": [
          {
            "title": "user接口是否正确",
            "fullTitle": "GET /user user接口是否正确",
            "timedOut": false,
            "duration": 40,
            "state": "passed",
            "speed": "medium",
            "pass": true,
            "fail": false,
            "pending": false,
            "code": "request()\n  .get('/user')\n  .expect(200)\n  .end(function(err, res) {\n    console.log('这是res',res.body);\n    if (err) return done(err);\n    if(res.body ==123){\n        done();\n    }else{\n      done('不是123');\n    }\n  });",
            "err": {},
            "isRoot": false,
            "uuid": "e5ef30c1-a5d1-40ee-9660-5eb2a26a207a",
            "parentUUID": "bcd27857-0a4e-43ba-810c-49a0b396578a",
            "isHook": false,
            "skipped": false
          }
        ],
        "failures": [],
        "skipped": [],
        "hasBeforeHooks": false,
        "hasAfterHooks": false,
        "hasTests": true,
        "hasSuites": false,
        "totalTests": 1,
        "totalPasses": 1,
        "totalFailures": 0,
        "totalPending": 0,
        "totalSkipped": 0,
        "hasPasses": true,
        "hasFailures": false,
        "hasPending": false,
        "hasSkipped": false,
        "duration": 40,
        "rootEmpty": false
      }
    ],
    "tests": [],
    "pending": [],
    "root": true,
    "_timeout": 2000,
    "uuid": "fc66a6c0-78a2-420c-aba5-af8421bbe2a4",
    "beforeHooks": [],
    "afterHooks": [],
    "fullFile": "",
    "file": "",
    "passes": [],
    "failures": [],
    "skipped": [],
    "hasBeforeHooks": false,
    "hasAfterHooks": false,
    "hasTests": false,
    "hasSuites": true,
    "totalTests": 0,
    "totalPasses": 0,
    "totalFailures": 0,
    "totalPending": 0,
    "totalSkipped": 0,
    "hasPasses": false,
    "hasFailures": false,
    "hasPending": false,
    "hasSkipped": false,
    "duration": 0,
    "rootEmpty": true
  },
  "allTests": [
    {
      "title": "user接口是否正确",
      "fullTitle": "GET /user user接口是否正确",
      "timedOut": false,
      "duration": 40,
      "state": "passed",
      "speed": "medium",
      "pass": true,
      "fail": false,
      "pending": false,
      "code": "request()\n  .get('/user')\n  .expect(200)\n  .end(function(err, res) {\n    console.log('这是res',res.body);\n    if (err) return done(err);\n    if(res.body ==123){\n        done();\n    }else{\n      done('不是123');\n    }\n  });",
      "err": {},
      "isRoot": false,
      "uuid": "e5ef30c1-a5d1-40ee-9660-5eb2a26a207a",
      "parentUUID": "bcd27857-0a4e-43ba-810c-49a0b396578a",
      "isHook": false,
      "skipped": false
    }
  ],
  "allPending": [],
  "allPasses": [
    {
      "title": "user接口是否正确",
      "fullTitle": "GET /user user接口是否正确",
      "timedOut": false,
      "duration": 40,
      "state": "passed",
      "speed": "medium",
      "pass": true,
      "fail": false,
      "pending": false,
      "code": "request()\n  .get('/user')\n  .expect(200)\n  .end(function(err, res) {\n    console.log('这是res',res.body);\n    if (err) return done(err);\n    if(res.body ==123){\n        done();\n    }else{\n      done('不是123');\n    }\n  });",
      "err": {},
      "isRoot": false,
      "uuid": "e5ef30c1-a5d1-40ee-9660-5eb2a26a207a",
      "parentUUID": "bcd27857-0a4e-43ba-810c-49a0b396578a",
      "isHook": false,
      "skipped": false
    }
  ],
  "allFailures": [],
  "copyrightYear": 2017
}